Build started 06-03-2015 02:03:11.
     1>Project "C:\Git\Sourcecode\OpenCLtest\OpenCLtest\OpenCLtest.vcxproj" on node 2 (Build target(s)).
     1>Link:
         C:\Program Files (x86)\Microsoft Visual Studio 12.0\VC\bin\link.exe /ERRORREPORT:PROMPT /OUT:"C:\Git\Sourcecode\OpenCLtest\Debug\OpenCLtest.exe" /INCREMENTAL /NOLOGO /LIBPATH:"C:\Program Files\NVIDIA GPU Computing Toolkit\CUDA\v6.5\lib\x64" OpenCL.lib kernel32.lib user32.lib gdi32.lib winspool.lib comdlg32.lib advapi32.lib shell32.lib ole32.lib oleaut32.lib uuid.lib odbc32.lib odbccp32.lib /MANIFEST /MANIFESTUAC:"level='asInvoker' uiAccess='false'" /manifest:embed /DEBUG /PDB:"C:\Git\Sourcecode\OpenCLtest\Debug\OpenCLtest.pdb" /SUBSYSTEM:CONSOLE /TLBID:1 /DYNAMICBASE /NXCOMPAT /IMPLIB:"C:\Git\Sourcecode\OpenCLtest\Debug\OpenCLtest.lib" /MACHINE:X86 Debug\Source.obj
     1>Source.obj : error LNK2019: unresolved external symbol _clGetPlatformIDs@12 referenced in function _main
     1>Source.obj : error LNK2019: unresolved external symbol _clGetDeviceIDs@24 referenced in function _main
     1>Source.obj : error LNK2019: unresolved external symbol _clCreateContext@24 referenced in function _main
     1>Source.obj : error LNK2019: unresolved external symbol _clReleaseContext@4 referenced in function _main
     1>Source.obj : error LNK2019: unresolved external symbol _clCreateCommandQueue@20 referenced in function _main
     1>Source.obj : error LNK2019: unresolved external symbol _clReleaseCommandQueue@4 referenced in function _main
     1>Source.obj : error LNK2019: unresolved external symbol _clCreateBuffer@24 referenced in function _main
     1>Source.obj : error LNK2019: unresolved external symbol _clReleaseMemObject@4 referenced in function _main
     1>Source.obj : error LNK2019: unresolved external symbol _clCreateProgramWithSource@20 referenced in function _main
     1>Source.obj : error LNK2019: unresolved external symbol _clReleaseProgram@4 referenced in function _main
     1>Source.obj : error LNK2019: unresolved external symbol _clBuildProgram@24 referenced in function _main
     1>Source.obj : error LNK2019: unresolved external symbol _clCreateKernel@12 referenced in function _main
     1>Source.obj : error LNK2019: unresolved external symbol _clReleaseKernel@4 referenced in function _main
     1>Source.obj : error LNK2019: unresolved external symbol _clSetKernelArg@16 referenced in function _main
     1>Source.obj : error LNK2019: unresolved external symbol _clFlush@4 referenced in function _main
     1>Source.obj : error LNK2019: unresolved external symbol _clFinish@4 referenced in function _main
     1>Source.obj : error LNK2019: unresolved external symbol _clEnqueueReadBuffer@36 referenced in function _main
     1>Source.obj : error LNK2019: unresolved external symbol _clEnqueueWriteBuffer@36 referenced in function _main
     1>Source.obj : error LNK2019: unresolved external symbol _clEnqueueNDRangeKernel@36 referenced in function _main
     1>C:\Git\Sourcecode\OpenCLtest\Debug\OpenCLtest.exe : fatal error LNK1120: 19 unresolved externals
     1>Done Building Project "C:\Git\Sourcecode\OpenCLtest\OpenCLtest\OpenCLtest.vcxproj" (Build target(s)) -- FAILED.

Build FAILED.

Time Elapsed 00:00:00.09
